<?xml version="1.0" encoding="UTF-8"?>
<!-- Generated by org.testng.reporters.JUnitReportReporter -->
<testsuite hostname="DESKTOP-NK58V81" failures="0" tests="1" name="com.demowebshop.tests.LoginTest" time="6.585" errors="0" timestamp="2024-06-27T15:23:11 IST" skipped="0">
  <testcase classname="com.demowebshop.tests.LoginTest" name="verifyUserIsAbleToLoginWithValidCreds" time="6.585"/>
</testsuite> <!-- com.demowebshop.tests.LoginTest -->
