<?xml version="1.0" encoding="UTF-8"?>
<!-- Generated by org.testng.reporters.JUnitReportReporter -->
<testsuite hostname="DESKTOP-NK58V81" failures="0" tests="1" name="com.demowebshop.tests.RegisterationDP" time="17.810" errors="0" timestamp="2024-07-03T18:05:54 IST" skipped="0">
  <testcase classname="com.demowebshop.tests.RegisterationDP" name="verifyUserIsAbleToRegisterThroughDP" time="17.810"/>
</testsuite> <!-- com.demowebshop.tests.RegisterationDP -->
