<?xml version="1.0" encoding="UTF-8"?>
<!-- Generated by org.testng.reporters.JUnitReportReporter -->
<testsuite hostname="DESKTOP-NK58V81" failures="0" tests="1" name="com.demowebshop.tests.AddItemToWishlistTest" time="14.024" errors="0" timestamp="2024-07-02T18:28:18 IST" skipped="0">
  <testcase classname="com.demowebshop.tests.AddItemToWishlistTest" name="verifyUserIsAbleToAddItemToWishlist" time="14.024"/>
</testsuite> <!-- com.demowebshop.tests.AddItemToWishlistTest -->
