<?xml version="1.0" encoding="UTF-8"?>
<!-- Generated by org.testng.reporters.JUnitReportReporter -->
<testsuite hostname="DESKTOP-NK58V81" failures="0" tests="1" name="com.demowebshop.tests.SearchTest" time="20.764" errors="0" timestamp="2024-07-03T16:40:52 IST" skipped="0">
  <testcase classname="com.demowebshop.tests.SearchTest" name="verifyUserIsAbleToSeeOnlySearchedItems" time="20.764"/>
</testsuite> <!-- com.demowebshop.tests.SearchTest -->
