<?xml version="1.0" encoding="UTF-8"?>
<!-- Generated by org.testng.reporters.JUnitReportReporter -->
<testsuite hostname="DESKTOP-NK58V81" failures="0" tests="1" name="com.demowebshop.tests.DataRegisteration" time="24.199" errors="0" timestamp="2024-07-03T16:40:51 IST" skipped="0">
  <testcase classname="com.demowebshop.tests.DataRegisteration" name="verifyUserIsAbleToRegister" time="24.199"/>
</testsuite> <!-- com.demowebshop.tests.DataRegisteration -->
