<?xml version="1.0" encoding="UTF-8"?>
<!-- Generated by org.testng.reporters.JUnitReportReporter -->
<testsuite hostname="DESKTOP-NK58V81" failures="0" tests="1" name="com.demowebshop.tests.SubscribeTest" time="23.964" errors="0" timestamp="2024-07-03T16:40:52 IST" skipped="0">
  <testcase classname="com.demowebshop.tests.SubscribeTest" name="verifyUserIsAbleToSubscribeNewsLetter" time="23.964"/>
</testsuite> <!-- com.demowebshop.tests.SubscribeTest -->
