<?xml version="1.0" encoding="UTF-8"?>
<!-- Generated by org.testng.reporters.JUnitReportReporter -->
<testsuite hostname="DESKTOP-NK58V81" failures="0" tests="1" name="com.demowebshop.tests.PurchaseTest" time="9.841" errors="0" timestamp="2024-06-27T15:24:42 IST" skipped="0">
  <testcase classname="com.demowebshop.tests.PurchaseTest" name="verifyUserIsAbleToBuyAProduct" time="9.841"/>
</testsuite> <!-- com.demowebshop.tests.PurchaseTest -->
