<?xml version="1.0" encoding="UTF-8"?>
<!-- Generated by org.testng.reporters.JUnitReportReporter -->
<testsuite hostname="DESKTOP-NK58V81" failures="0" tests="1" name="com.demowebshop.tests.SendEmailTest" time="21.022" errors="0" timestamp="2024-07-02T18:25:50 IST" skipped="0">
  <testcase classname="com.demowebshop.tests.SendEmailTest" name="verifyUserIsAbleToSEndEmail" time="21.022"/>
</testsuite> <!-- com.demowebshop.tests.SendEmailTest -->
