<?xml version="1.0" encoding="UTF-8"?>
<!-- Generated by org.testng.reporters.JUnitReportReporter -->
<testsuite hostname="DESKTOP-NK58V81" failures="0" tests="1" name="com.demowebshop.tests.PurchaseTest" time="11.284" errors="0" timestamp="2024-07-03T16:40:51 IST" skipped="0">
  <testcase classname="com.demowebshop.tests.PurchaseTest" name="verifyUserIsAbleToBuyAProduct" time="11.284"/>
</testsuite> <!-- com.demowebshop.tests.PurchaseTest -->
